android-project/app/build/intermediates/manifest_merge_blame_file/debug/manifest-merger-blame-debug-report.txt
1<?xml version="1.0" encoding="utf-8"?>
2<!--
3 Replace com.test.game with the identifier of your game below, e.g.
4     com.gamemaker.game
5-->
6<manifest xmlns:android="http://schemas.android.com/apk/res/android"
7    package="org.libsdl.app"
8    android:installLocation="auto"
9    android:versionCode="1"
10    android:versionName="1.0" >
11
12    <uses-sdk
13        android:minSdkVersion="19"
14        android:targetSdkVersion="34" />
15
16    <!-- OpenGL ES 2.0 -->
17    <uses-feature android:glEsVersion="0x00020000" />
17-->src/main/AndroidManifest.xml:11:5-54
17-->src/main/AndroidManifest.xml:11:19-51
18
19    <!-- Touchscreen support -->
20    <uses-feature
20-->src/main/AndroidManifest.xml:14:5-16:36
21        android:name="android.hardware.touchscreen"
21-->src/main/AndroidManifest.xml:15:9-52
22        android:required="false" />
22-->src/main/AndroidManifest.xml:16:9-33
23
24    <!-- Game controller support -->
25    <uses-feature
25-->src/main/AndroidManifest.xml:19:5-21:36
26        android:name="android.hardware.bluetooth"
26-->src/main/AndroidManifest.xml:20:9-50
27        android:required="false" />
27-->src/main/AndroidManifest.xml:21:9-33
28    <uses-feature
28-->src/main/AndroidManifest.xml:22:5-24:36
29        android:name="android.hardware.gamepad"
29-->src/main/AndroidManifest.xml:23:9-48
30        android:required="false" />
30-->src/main/AndroidManifest.xml:24:9-33
31    <uses-feature
31-->src/main/AndroidManifest.xml:25:5-27:36
32        android:name="android.hardware.usb.host"
32-->src/main/AndroidManifest.xml:26:9-49
33        android:required="false" />
33-->src/main/AndroidManifest.xml:27:9-33
34
35    <!-- External mouse input events -->
36    <uses-feature
36-->src/main/AndroidManifest.xml:30:5-32:36
37        android:name="android.hardware.type.pc"
37-->src/main/AndroidManifest.xml:31:9-48
38        android:required="false" />
38-->src/main/AndroidManifest.xml:32:9-33
39
40    <!-- Audio recording support -->
41    <!-- if you want to record audio, uncomment this. -->
42    <!-- <uses-permission android:name="android.permission.RECORD_AUDIO" /> -->
43    <!--
44         <uses-feature
45        android:name="android.hardware.microphone"
46        android:required="false" />
47    -->
48
49
50    <!-- Camera support -->
51    <!-- if you want to record video, uncomment this. -->
52    <!--
53    <uses-permission android:name="android.permission.CAMERA" />
54    <uses-feature android:name="android.hardware.camera" />
55    -->
56
57
58    <!-- Allow downloading to the external storage on Android 5.1 and older -->
59    <!-- <uses-permission android:name="android.permission.WRITE_EXTERNAL_STORAGE" android:maxSdkVersion="22" /> -->
60
61
62    <!-- Allow access to Bluetooth devices -->
63    <!-- Currently this is just for Steam Controller support and requires setting SDL_HINT_JOYSTICK_HIDAPI_STEAM -->
64    <!-- <uses-permission android:name="android.permission.BLUETOOTH" android:maxSdkVersion="30" /> -->
65    <!-- <uses-permission android:name="android.permission.BLUETOOTH_CONNECT" /> -->
66
67
68    <!-- Allow access to the vibrator -->
69    <uses-permission android:name="android.permission.VIBRATE" />
69-->src/main/AndroidManifest.xml:57:5-66
69-->src/main/AndroidManifest.xml:57:22-63
70
71    <!-- Allow access to Internet -->
72    <!-- if you want to connect to the network or internet, uncomment this. -->
73<!--     <uses-permission android:name="android.permission.INTERNET" /> -->
74    <!--
75 Create a Java class extending SDLActivity and place it in a
76         directory under app/src/main/java matching the package, e.g. app/src/main/java/com/gamemaker/game/MyGame.java
77
78         then replace "SDLActivity" with the name of your class (e.g. "MyGame")
79         in the XML below.
80
81         An example Java class can be found in README-android.md
82    -->
83    <application
83-->src/main/AndroidManifest.xml:73:5-108:19
84        android:allowBackup="true"
84-->src/main/AndroidManifest.xml:75:9-35
85        android:debuggable="true"
86        android:extractNativeLibs="true"
87        android:hardwareAccelerated="true"
87-->src/main/AndroidManifest.xml:77:9-43
88        android:icon="@mipmap/ic_launcher"
88-->src/main/AndroidManifest.xml:74:9-43
89        android:label="@string/app_name"
89-->src/main/AndroidManifest.xml:73:18-50
90        android:testOnly="true"
91        android:theme="@style/AppTheme" >
91-->src/main/AndroidManifest.xml:76:9-40
92
93        <!--
94        Example of setting SDL hints from AndroidManifest.xml:
95        <meta-data android:name="SDL_ENV.SDL_ANDROID_TRAP_BACK_BUTTON" android:value="0"/>
96        -->
97
98        <activity
98-->src/main/AndroidManifest.xml:83:9-107:20
99            android:name="org.libsdl.app.SlickSchedule"
99-->src/main/AndroidManifest.xml:83:19-47
100            android:alwaysRetainTaskState="true"
100-->src/main/AndroidManifest.xml:85:13-49
101            android:configChanges="layoutDirection|locale|grammaticalGender|fontScale|fontWeightAdjustment|orientation|uiMode|screenLayout|screenSize|smallestScreenSize|keyboard|keyboardHidden|navigation"
101-->src/main/AndroidManifest.xml:87:13-205
102            android:exported="true"
102-->src/main/AndroidManifest.xml:89:13-36
103            android:label="@string/app_name"
103-->src/main/AndroidManifest.xml:84:13-45
104            android:launchMode="singleInstance"
104-->src/main/AndroidManifest.xml:86:13-48
105            android:preferMinimalPostProcessing="true" >
105-->src/main/AndroidManifest.xml:88:13-55
106            <intent-filter>
106-->src/main/AndroidManifest.xml:91:13-94:29
107                <action android:name="android.intent.action.MAIN" />
107-->src/main/AndroidManifest.xml:92:17-69
107-->src/main/AndroidManifest.xml:92:25-66
108
109                <category android:name="android.intent.category.LAUNCHER" />
109-->src/main/AndroidManifest.xml:93:17-77
109-->src/main/AndroidManifest.xml:93:27-74
110            </intent-filter>
111            <!-- Let Android know that we can handle some USB devices and should receive this event -->
112            <intent-filter>
112-->src/main/AndroidManifest.xml:96:13-98:29
113                <action android:name="android.hardware.usb.action.USB_DEVICE_ATTACHED" />
113-->src/main/AndroidManifest.xml:97:17-90
113-->src/main/AndroidManifest.xml:97:25-87
114            </intent-filter>
115            <!-- Drop file event -->
116            <!--
117            <intent-filter>
118                <action android:name="android.intent.action.VIEW" />
119                <category android:name="android.intent.category.DEFAULT" />
120                <data android:mimeType="*/*" />
121            </intent-filter>
122            -->
123        </activity>
124    </application>
125
126</manifest>